[
  {
    "Node Type": "Hash Join",
    "Parallel Aware": false,
    "Async Capable": false,
    "Join Type": "Inner",
    "Startup Cost": 13.82,
    "Total Cost": 25.98,
    "Plan Rows": 170,
    "Plan Width": 864,
    "Inner Unique": true,
    "Hash Cond": "(n.n_regionkey = r.r_regionkey)",
    "Plans": [
      {
        "Node Type": "Seq Scan",
        "Parent Relationship": "Outer",
        "Parallel Aware": false,
        "Async Capable": false,
        "Relation Name": "nation",
        "Alias": "n",
        "Startup Cost": 0.0,
        "Total Cost": 11.7,
        "Plan Rows": 170,
        "Plan Width": 434
      },
      {
        "Node Type": "Hash",
        "Parent Relationship": "Inner",
        "Parallel Aware": false,
        "Async Capable": false,
        "Startup Cost": 11.7,
        "Total Cost": 11.7,
        "Plan Rows": 170,
        "Plan Width": 430,
        "Plans": [
          {
            "Node Type": "Seq Scan",
            "Parent Relationship": "Outer",
            "Parallel Aware": false,
            "Async Capable": false,
            "Relation Name": "region",
            "Alias": "r",
            "Startup Cost": 0.0,
            "Total Cost": 11.7,
            "Plan Rows": 170,
            "Plan Width": 430
          }
        ]
      }
    ]
  },
  {
    "Node Type": "Hash Join",
    "Parallel Aware": false,
    "Async Capable": false,
    "Join Type": "Inner",
    "Startup Cost": 12.14,
    "Total Cost": 24.29,
    "Plan Rows": 1,
    "Plan Width": 864,
    "Inner Unique": true,
    "Hash Cond": "(n.n_regionkey = r.r_regionkey)",
    "Plans": [
      {
        "Node Type": "Seq Scan",
        "Parent Relationship": "Outer",
        "Parallel Aware": false,
        "Async Capable": false,
        "Relation Name": "nation",
        "Alias": "n",
        "Startup Cost": 0.0,
        "Total Cost": 11.7,
        "Plan Rows": 170,
        "Plan Width": 434
      },
      {
        "Node Type": "Hash",
        "Parent Relationship": "Inner",
        "Parallel Aware": false,
        "Async Capable": false,
        "Startup Cost": 12.13,
        "Total Cost": 12.13,
        "Plan Rows": 1,
        "Plan Width": 430,
        "Plans": [
          {
            "Node Type": "Seq Scan",
            "Parent Relationship": "Outer",
            "Parallel Aware": false,
            "Async Capable": false,
            "Relation Name": "region",
            "Alias": "r",
            "Startup Cost": 0.0,
            "Total Cost": 12.13,
            "Plan Rows": 1,
            "Plan Width": 430,
            "Filter": "(r_name = 'ASIA'::bpchar)"
          }
        ]
      }
    ]
  }
]