{
  "Node Type": "Aggregate",
  "Strategy": "Plain",
  "Partial Mode": "Finalize",
  "Parallel Aware": false,
  "Async Capable": false,
  "Startup Cost": 5391.44,
  "Total Cost": 5391.45,
  "Plan Rows": 1,
  "Plan Width": 32,
  "Plans": [
    {
      "Node Type": "Gather",
      "Parent Relationship": "Outer",
      "Parallel Aware": false,
      "Async Capable": false,
      "Startup Cost": 5391.22,
      "Total Cost": 5391.43,
      "Plan Rows": 2,
      "Plan Width": 32,
      "Workers Planned": 2,
      "Single Copy": false,
      "Plans": [
        {
          "Node Type": "Aggregate",
          "Strategy": "Plain",
          "Partial Mode": "Partial",
          "Parent Relationship": "Outer",
          "Parallel Aware": false,
          "Async Capable": false,
          "Startup Cost": 4391.22,
          "Total Cost": 4391.23,
          "Plan Rows": 1,
          "Plan Width": 32,
          "Plans": [
            {
              "Node Type": "Hash Join",
              "Parent Relationship": "Outer",
              "Parallel Aware": false,
              "Async Capable": false,
              "Join Type": "Inner",
              "Startup Cost": 12.14,
              "Total Cost": 4390.29,
              "Plan Rows": 368,
              "Plan Width": 6,
              "Inner Unique": true,
              "Hash Cond": "(c.c_nationkey = n.n_nationkey)",
              "Plans": [
                {
                  "Node Type": "Seq Scan",
                  "Parent Relationship": "Outer",
                  "Parallel Aware": true,
                  "Async Capable": false,
                  "Relation Name": "customer",
                  "Alias": "c",
                  "Startup Cost": 0.0,
                  "Total Cost": 4210.0,
                  "Plan Rows": 62500,
                  "Plan Width": 10
                },
                {
                  "Node Type": "Hash",
                  "Parent Relationship": "Inner",
                  "Parallel Aware": false,
                  "Async Capable": false,
                  "Startup Cost": 12.13,
                  "Total Cost": 12.13,
                  "Plan Rows": 1,
                  "Plan Width": 4,
                  "Plans": [
                    {
                      "Node Type": "Seq Scan",
                      "Parent Relationship": "Outer",
                      "Parallel Aware": false,
                      "Async Capable": false,
                      "Relation Name": "nation",
                      "Alias": "n",
                      "Startup Cost": 0.0,
                      "Total Cost": 12.13,
                      "Plan Rows": 1,
                      "Plan Width": 4,
                      "Filter": "(n_name = 'INDIA'::bpchar)"
                    }
                  ]
                }
              ]
            }
          ]
        }
      ]
    }
  ]
}